2025-03-28 15:09:40.162319 - Received CBT.V508.FILE015.PDS from FILE015.XMI 
2025-03-28 15:09:40.164084 - Found $$$#DATE.txt (text/plain) in CBT.V508.FILE015.PDS, moved to PDS/$$$#DATE
2025-03-28 15:09:40.165442 - Found $DSCLAIM.txt (text/plain) in CBT.V508.FILE015.PDS, moved to PDS/$DSCLAIM
2025-03-28 15:09:40.166609 - Found $JCL.jcl (text/plain) in CBT.V508.FILE015.PDS, moved to PDS/$JCL
2025-03-28 15:09:40.167794 - Found $README.txt (text/plain) in CBT.V508.FILE015.PDS, moved to PDS/$README
2025-03-28 15:09:40.168734 - Found #RESTORE.txt (text/plain) in CBT.V508.FILE015.PDS, moved to PDS/#RESTORE
2025-03-28 15:09:40.169345 - Found #TRAP.txt (text/plain) in CBT.V508.FILE015.PDS, moved to PDS/#TRAP
2025-03-28 15:09:40.170287 - Found #VPS.txt (text/plain) in CBT.V508.FILE015.PDS, moved to PDS/#VPS
2025-03-28 15:09:40.171361 - Found @FILE015.txt (text/plain) in CBT.V508.FILE015.PDS, moved to PDS/@FILE015
2025-03-28 15:09:40.172242 - Found ACF2INQ.txt (text/plain) in CBT.V508.FILE015.PDS, moved to PDS/ACF2INQ
2025-03-28 15:09:40.173211 - Found ACF2VALD.txt (text/plain) in CBT.V508.FILE015.PDS, moved to PDS/ACF2VALD
2025-03-28 15:09:40.174507 - Found ASKUID.txt (text/plain) in CBT.V508.FILE015.PDS, moved to PDS/ASKUID
2025-03-28 15:09:40.175412 - Found CLIP.txt (text/plain) in CBT.V508.FILE015.PDS, moved to PDS/CLIP
2025-03-28 15:09:40.176285 - Found DYN#C1.txt (text/plain) in CBT.V508.FILE015.PDS, moved to PDS/DYN#C1
2025-03-28 15:09:40.176911 - Found DYN#P1.txt (text/plain) in CBT.V508.FILE015.PDS, moved to PDS/DYN#P1
2025-03-28 15:09:40.177473 - Found DYN#T1.txt (text/plain) in CBT.V508.FILE015.PDS, moved to PDS/DYN#T1
2025-03-28 15:09:40.178736 - Found DYNASEND.jcl (text/plain) in CBT.V508.FILE015.PDS, moved to PDS/DYNASEND
2025-03-28 15:09:40.179895 - Found DYNM00.txt (text/plain) in CBT.V508.FILE015.PDS, moved to PDS/DYNM00
2025-03-28 15:09:40.180488 - Found GDGMOD.jcl (text/plain) in CBT.V508.FILE015.PDS, moved to PDS/GDGMOD
2025-03-28 15:09:40.181112 - Found IEEMB846.txt (text/plain) in CBT.V508.FILE015.PDS, moved to PDS/IEEMB846
2025-03-28 15:09:40.181759 - Found IEEPK860.txt (text/plain) in CBT.V508.FILE015.PDS, moved to PDS/IEEPK860
2025-03-28 15:09:40.182350 - Found ISPTCM.txt (text/plain) in CBT.V508.FILE015.PDS, moved to PDS/ISPTCM
2025-03-28 15:09:40.182945 - Found ISR@PRIM.txt (text/plain) in CBT.V508.FILE015.PDS, moved to PDS/ISR@PRIM
2025-03-28 15:09:40.183802 - Found JCLJES4.jcl (text/plain) in CBT.V508.FILE015.PDS, moved to PDS/JCLJES4
2025-03-28 15:09:40.184529 - Found JCLJES5.jcl (text/plain) in CBT.V508.FILE015.PDS, moved to PDS/JCLJES5
2025-03-28 15:09:40.184997 - Found JESXIT5D.txt (text/plain) in CBT.V508.FILE015.PDS, moved to PDS/JESXIT5D
2025-03-28 15:09:40.185601 - Found JES2XIT4.txt (text/plain) in CBT.V508.FILE015.PDS, moved to PDS/JES2XIT4
2025-03-28 15:09:40.190652 - Found PRIMDOWN.txt (text/plain) in CBT.V508.FILE015.PDS, moved to PDS/PRIMDOWN
2025-03-28 15:09:40.191483 - Found PRIMLEFT.txt (text/plain) in CBT.V508.FILE015.PDS, moved to PDS/PRIMLEFT
2025-03-28 15:09:40.192294 - Found PRIMRGHT.txt (text/plain) in CBT.V508.FILE015.PDS, moved to PDS/PRIMRGHT
2025-03-28 15:09:40.193643 - Found PRIMUP.txt (text/plain) in CBT.V508.FILE015.PDS, moved to PDS/PRIMUP
2025-03-28 15:09:40.194439 - Found RESTORE.txt (text/plain) in CBT.V508.FILE015.PDS, moved to PDS/RESTORE
2025-03-28 15:09:40.194964 - Found SMFPRM00.txt (text/plain) in CBT.V508.FILE015.PDS, moved to PDS/SMFPRM00
2025-03-28 15:09:40.195788 - Found SMF32SAS.jcl (text/plain) in CBT.V508.FILE015.PDS, moved to PDS/SMF32SAS
2025-03-28 15:09:40.196376 - Found SMPEIEE.jcl (text/plain) in CBT.V508.FILE015.PDS, moved to PDS/SMPEIEE
2025-03-28 15:09:40.196963 - Found SMPEPFK.jcl (text/plain) in CBT.V508.FILE015.PDS, moved to PDS/SMPEPFK
2025-03-28 15:09:40.197471 - Found SMPETCM.jcl (text/plain) in CBT.V508.FILE015.PDS, moved to PDS/SMPETCM
2025-03-28 15:09:40.198370 - Found SWTSO.txt (text/plain) in CBT.V508.FILE015.PDS, moved to PDS/SWTSO
2025-03-28 15:09:40.199002 - Found TRAP.txt (text/plain) in CBT.V508.FILE015.PDS, moved to PDS/TRAP
2025-03-28 15:09:40.199584 - Found VPS.txt (text/plain) in CBT.V508.FILE015.PDS, moved to PDS/VPS
